2019-04-04 14:22:14.476256-0500 BannerExample[15739:2839424] [MC] System group container for systemgroup.com.apple.configurationprofiles path is /private/var/containers/Shared/SystemGroup/systemgroup.com.apple.configurationprofiles
2019-04-04 14:22:14.477253-0500 BannerExample[15739:2839424] [MC] Reading from public effective user settings.
2019-04-04 14:22:14.482862-0500 BannerExample[15739:2839424] MOPUB: GDPR not applicable, consent synchronization will complete immediately


Google Mobile Ads SDK version: afma-sdk-i-v7.42.2 - 'GoogleMobileAdsMediationMoPub', '5.4.1'


2019-04-04 14:22:14.548373-0500 BannerExample[15739:2839424] <Google> To get test ads on this device, set: request.testDevices = @[ @"42ee4fe2ebcc2b490c0852c2038ed259" ];
2019-04-04 14:22:14.599741-0500 BannerExample[15739:2839516] [NetworkInfo] Could not successfully update network info for descriptor <CTServiceDescriptor 0x283f802c0, domain=1, instance=2> during initialization.
2019-04-04 14:22:14.601641-0500 BannerExample[15739:2839516] [NetworkInfo] Signal strength query returned error: Error Domain=NSPOSIXErrorDomain Code=13 "Permission denied", descriptor: <CTServiceDescriptor 0x283f802a0, domain=1, instance=1>
2019-04-04 14:22:14.602556-0500 BannerExample[15739:2839516] [NetworkInfo] Signal strength query returned error: Error Domain=NSPOSIXErrorDomain Code=13 "Permission denied", descriptor: <CTServiceDescriptor 0x283f802c0, domain=1, instance=2>
2019-04-04 14:22:14.762945-0500 BannerExample[15739:2839424] [avas] AVAudioSessionPortImpl.mm:56:ValidateRequiredFields: Unknown selected data source for Port Bose Headphones (type: BluetoothA2DPOutput)
2019-04-04 14:22:15.040486-0500 BannerExample[15739:2839532] WF: === Starting WebFilter logging for process BannerExample
2019-04-04 14:22:15.040681-0500 BannerExample[15739:2839532] WF: _userSettingsForUser mobile: {
    filterBlacklist =     (
    );
    filterWhitelist =     (
    );
    noOverridingAllowed = 1;
    restrictWeb = 1;
    useContentFilter = 0;
    useContentFilterOverrides = 0;
    whitelistEnabled = 0;
}
2019-04-04 14:22:15.040780-0500 BannerExample[15739:2839532] WF: _WebFilterIsActive returning: NO
2019-04-04 14:22:15.343874-0500 BannerExample[15739:2839424] [avas] AVAudioSessionPortImpl.mm:56:ValidateRequiredFields: Unknown selected data source for Port Bose Headphones (type: BluetoothA2DPOutput)
2019-04-04 14:22:16.016972-0500 BannerExample[15739:2839522] [NetworkInfo] Could not successfully update network info for descriptor <CTServiceDescriptor 0x283f80f40, domain=1, instance=2> during initialization.
2019-04-04 14:22:16.018703-0500 BannerExample[15739:2839522] [NetworkInfo] Signal strength query returned error: Error Domain=NSPOSIXErrorDomain Code=13 "Permission denied", descriptor: <CTServiceDescriptor 0x283fcc4c0, domain=1, instance=1>
2019-04-04 14:22:16.019452-0500 BannerExample[15739:2839522] [NetworkInfo] Signal strength query returned error: Error Domain=NSPOSIXErrorDomain Code=13 "Permission denied", descriptor: <CTServiceDescriptor 0x283f80f40, domain=1, instance=2>
2019-04-04 14:22:16.027766-0500 BannerExample[15739:2839424] MOPUB: Will not start location updates: the application is not authorized for location services.
2019-04-04 14:22:16.028072-0500 BannerExample[15739:2839424] MOPUB: Loading ad with MoPub server URL: https://ads.mopub.com/m/ad
{"mnc":"480","av":"1.0","q":"gmext,,","dn":"iPhone11,6","force_gdpr_applies":"0","vv":"0","ats":"1","llf":"20","gdpr_applies":"0","h":"2688","udid":"ifa:XXXX","iso":"us","nv":"5.4.1","w":"1242","ct":"2","id":"d4d84eab90bc4de0b6917856d356bd3d","mcc":"311","ll":"0,0","mr":"1","v":"8","cn":"Verizon","bundle":"com.cbsinteractive.dev.tvguide","z":"-0500","sc":"3.0","user_data_q":"","current_consent_status":"unknown","o":"p"}
2019-04-04 14:22:16.028205-0500 BannerExample[15739:2839424] MOPUB: Requesting Banner Ad from MoPub Ad Network.
2019-04-04 14:22:16.028834-0500 BannerExample[15739:2839424] MOPUB: Location authorization status changed to: 0
2019-04-04 14:22:16.028866-0500 BannerExample[15739:2839424] MOPUB: Stopping any scheduled location updates.
2019-04-04 14:22:16.687192-0500 BannerExample[15739:2839424] MOPUB: There are 1 ad responses
2019-04-04 14:22:16.691046-0500 BannerExample[15739:2839424] MOPUB: Banner ad view is fetching ad network type: html
2019-04-04 14:22:16.693372-0500 BannerExample[15739:2839424] MOPUB: Looking for custom event class named MPHTMLBannerCustomEvent.
2019-04-04 14:22:16.693628-0500 BannerExample[15739:2839424] MOPUB: Loading MoPub HTML banner
2019-04-04 14:22:16.693915-0500 BannerExample[15739:2839424] MOPUB: Loading banner with HTML source:  <!DOCTYPE html> <html> <head>  <!-- Adgroup is 7749137d1f07490ab582650aecc95e51 -->  <meta name="viewport" content="width=device-width, initial-scale=1.0, user-scalable=no">  <style type='text/css'> .mp_center { position: fixed; top: 50%; left: 50%; margin-left: -160px !important; margin-top: -25px !important; } </style>  <script type="text/javascript"> function mopubFinishLoad(){ setTimeout(function() { window.location = 'mopub://finishLoad'; }, 0); } </script>  <script type="text/javascript"> function webviewDidClose(){ if (typeof webviewDidCloseHelper == 'function') { webviewDidCloseHelper(); } } function webviewDidAppear(){  if(typeof trackImpressionHelper == 'function') { trackImpressionHelper(); }  if(typeof webviewDidAppearHelper == 'function') { webviewDidAppearHelper(); } } window.addEventListener("load", function() { var links = document.getElementsByTagName('a'); for(var i=0; i < links.length; i++) { links[i].setAttribute('target','_blank'); } }, false);  </script>  </head> <body style="margin:0;padding:0;"> <script>

    var mobFoxParams = {

        "r_type": "banner",

        "s": "7d7e304522a3adde55570f4f5517536c",

        "adspace_width": 320,

        "adspace_height": 50,

        "o_iosadvid": "BD40D08B-EEA0-40DD-9864-BC8F0FD3F986",

        "sub_bundle_id": "333647776",

        "longitude": "0",

        "latitude": "0",

        "age": "",

        "gender": "",

        "c_mraid": 2

    };

</script>

<script src="//sdk.starbolt.io/dist/superagent.min.js"></script>

<script src="//sdk.starbolt.io/dist/mopub-combined-super.js"></script> <script type="text/javascript"> if (typeof htmlWillCallFinishLoad == "undefined" || !htmlWillCallFinishLoad) { if(typeof mopubFinishLoad == 'function') { window.onload = mopubFinishLoad; } }  </script>  </body> </html>
2019-04-04 14:22:16.885422-0500 BannerExample[15739:2839424] MOPUB: Sucessfully sent before load URL
2019-04-04 14:22:17.432884-0500 BannerExample[15739:2839424] MOPUB: MPAdWebView - loading MoPub URL: mopub://failLoad
2019-04-04 14:22:17.433115-0500 BannerExample[15739:2839424] MOPUB: MoPub HTML banner did fail
2019-04-04 14:22:17.434904-0500 BannerExample[15739:2839424] MOPUB: Loading ad with MoPub server URL: https://ads.mopub.com/m/ad
{"cppck":"CA3D8","av":"1.0","mnc":"480","dn":"iPhone11,6","q":"gmext,,","force_gdpr_applies":"0","vv":"0","ats":"1","llf":"20","rtc":"1","gdpr_applies":"0","request_id":"bae6892fb6ac4f1ca5c2ea2688ef4c47","h":"2688","mcc":"311","iso":"us","ct":"2","nv":"5.4.1","udid":"ifa:XXXX","id":"d4d84eab90bc4de0b6917856d356bd3d","ll":"0,0","v":"8","mr":"1","w":"1242","ac":"3","bundle":"com.cbsinteractive.dev.tvguide","cn":"Verizon","z":"-0500","sc":"3.0","user_data_q":"","current_consent_status":"unknown","exclude":"7749137d1f07490ab582650aecc95e51","o":"p"}
2019-04-04 14:22:17.578099-0500 BannerExample[15739:2839424] MOPUB: There are 1 ad responses
2019-04-04 14:22:17.578808-0500 BannerExample[15739:2839424] MOPUB: Banner ad view is fetching ad network type: clear
2019-04-04 14:22:17.578956-0500 BannerExample[15739:2839424] MOPUB: No ads found for ad unit: d4d84eab90bc4de0b6917856d356bd3d
2019-04-04 14:22:17.579699-0500 BannerExample[15739:2839424] MOPUB: Scheduled the autorefresh timer to fire in 999999.0 seconds (0x282a40f80).
2019-04-04 14:22:17.580063-0500 BannerExample[15739:2839424] MOPUB: Banner view (d4d84eab90bc4de0b6917856d356bd3d) failed. Error: Error Domain=com.mopub.iossdk Code=0 "(null)"
2019-04-04 14:22:17.807527-0500 BannerExample[15739:2839424] [avas] AVAudioSessionPortImpl.mm:56:ValidateRequiredFields: Unknown selected data source for Port Bose Headphones (type: BluetoothA2DPOutput)
GADBanner - adViewDidReceiveAd = <DFPBannerView: 0x101b257a0; frame = (57 323; 320 50); clipsToBounds = YES; layer = <CALayer: 0x283fa03c0>>
2019-04-04 14:22:17.986739-0500 BannerExample[15739:2839532] WF: _userSettingsForUser mobile: {
    filterBlacklist =     (
    );
    filterWhitelist =     (
    );
    noOverridingAllowed = 1;
    restrictWeb = 1;
    useContentFilter = 0;
    useContentFilterOverrides = 0;
    whitelistEnabled = 0;
}
2019-04-04 14:22:17.986800-0500 BannerExample[15739:2839532] WF: _WebFilterIsActive returning: NO
2019-04-04 14:22:18.058286-0500 BannerExample[15739:2839532] WF: _userSettingsForUser mobile: {
    filterBlacklist =     (
    );
    filterWhitelist =     (
    );
    noOverridingAllowed = 1;
    restrictWeb = 1;
    useContentFilter = 0;
    useContentFilterOverrides = 0;
    whitelistEnabled = 0;
}
2019-04-04 14:22:18.058331-0500 BannerExample[15739:2839532] WF: _WebFilterIsActive returning: NO
2019-04-04 14:22:47.441976-0500 BannerExample[15739:2839424] Could not signal service com.apple.WebKit.WebContent: 113: Could not find specified service
2019-04-04 14:22:47.448134-0500 BannerExample[15739:2839424] Could not signal service com.apple.WebKit.Networking: 113: Could not find specified service
2019-04-04 14:22:47.846086-0500 BannerExample[15739:2839424] [avas] AVAudioSessionPortImpl.mm:56:ValidateRequiredFields: Unknown selected data source for Port Bose Headphones (type: BluetoothA2DPOutput)
2019-04-04 14:22:48.266392-0500 BannerExample[15739:2839424] MOPUB: Loading ad with MoPub server URL: https://ads.mopub.com/m/ad
{"mnc":"480","av":"1.0","q":"gmext,,","dn":"iPhone11,6","force_gdpr_applies":"0","vv":"0","ats":"1","llf":"3","gdpr_applies":"0","h":"2688","udid":"ifa:XXXX","iso":"us","nv":"5.4.1","w":"1242","ct":"2","id":"c65be865f1b341758116d9b48c88fa61","mcc":"311","ll":"0,0","mr":"1","v":"8","cn":"Verizon","bundle":"com.cbsinteractive.dev.tvguide","z":"-0500","sc":"3.0","user_data_q":"","current_consent_status":"unknown","o":"p"}
2019-04-04 14:22:48.266849-0500 BannerExample[15739:2839424] MOPUB: Requesting Banner Ad from MoPub Ad Network.
2019-04-04 14:22:48.969834-0500 BannerExample[15739:2839424] MOPUB: There are 2 ad responses
2019-04-04 14:22:48.971168-0500 BannerExample[15739:2839424] MOPUB: Banner ad view is fetching ad network type: html
2019-04-04 14:22:48.972736-0500 BannerExample[15739:2839424] MOPUB: Looking for custom event class named MPHTMLBannerCustomEvent.
2019-04-04 14:22:48.972948-0500 BannerExample[15739:2839424] MOPUB: Loading MoPub HTML banner
2019-04-04 14:22:48.973284-0500 BannerExample[15739:2839424] MOPUB: Loading banner with HTML source:  <!DOCTYPE html> <html> <head>  <!-- Adgroup is 30389cbcd23b4cbdab82fe19fab96f94 -->  <meta name="viewport" content="width=device-width, initial-scale=1.0, user-scalable=no">  <style type='text/css'> .mp_center { position: fixed; top: 50%; left: 50%; margin-left: -150px !important; margin-top: -125px !important; } </style>  <script type="text/javascript"> function mopubFinishLoad(){ setTimeout(function() { window.location = 'mopub://finishLoad'; }, 0); } </script>  <script type="text/javascript"> function webviewDidClose(){ if (typeof webviewDidCloseHelper == 'function') { webviewDidCloseHelper(); } } function webviewDidAppear(){  if(typeof trackImpressionHelper == 'function') { trackImpressionHelper(); }  if(typeof webviewDidAppearHelper == 'function') { webviewDidAppearHelper(); } } window.addEventListener("load", function() { var links = document.getElementsByTagName('a'); for(var i=0; i < links.length; i++) { links[i].setAttribute('target','_blank'); } }, false);  </script>  </head> <body style="margin:0;padding:0;"> <script>

    var mobFoxParams = {

        "r_type": "banner",

        "s": "3df142eb9d001a6bf5b14743880fb6a2",

        "adspace_width": 300,

        "adspace_height": 250,

        "o_iosadvid": "BD40D08B-EEA0-40DD-9864-BC8F0FD3F986",

        "sub_bundle_id": "333647776",

        "longitude": "0",

        "latitude": "0",

        "age": "",

        "gender": "",

        "c_mraid": 2

    };

</script>

<script src="//sdk.starbolt.io/dist/superagent.min.js"></script>

<script src="//sdk.starbolt.io/dist/mopub-combined-super.js"></script> <script type="text/javascript"> if (typeof htmlWillCallFinishLoad == "undefined" || !htmlWillCallFinishLoad) { if(typeof mopubFinishLoad == 'function') { window.onload = mopubFinishLoad; } }  </script>  </body> </html>
2019-04-04 14:22:49.112115-0500 BannerExample[15739:2839424] MOPUB: Sucessfully sent before load URL
2019-04-04 14:22:49.792380-0500 BannerExample[15739:2839424] MOPUB: MPAdWebView - loading MoPub URL: mopub://failLoad
2019-04-04 14:22:49.792688-0500 BannerExample[15739:2839424] MOPUB: MoPub HTML banner did fail
2019-04-04 14:22:49.792862-0500 BannerExample[15739:2839424] MOPUB: Banner ad view is fetching ad network type: html
2019-04-04 14:22:49.793798-0500 BannerExample[15739:2839424] MOPUB: Looking for custom event class named MPHTMLBannerCustomEvent.
2019-04-04 14:22:49.793909-0500 BannerExample[15739:2839424] MOPUB: Loading MoPub HTML banner
2019-04-04 14:22:49.794079-0500 BannerExample[15739:2839424] MOPUB: Loading banner with HTML source:  <!DOCTYPE html> <html> <head>  <!-- Adgroup is 4ac8030b8d61493295e420a1fe5261d6 -->  <meta name="viewport" content="width=device-width, initial-scale=1.0, user-scalable=no">  <style type='text/css'> .mp_center { position: fixed; top: 50%; left: 50%; margin-left: -150px !important; margin-top: -125px !important; } </style>  <script type="text/javascript"> function mopubFinishLoad(){ setTimeout(function() { window.location = 'mopub://finishLoad'; }, 0); } </script>  <script type="text/javascript"> function webviewDidClose(){ if (typeof webviewDidCloseHelper == 'function') { webviewDidCloseHelper(); } } function webviewDidAppear(){  if(typeof trackImpressionHelper == 'function') { trackImpressionHelper(); }  if(typeof webviewDidAppearHelper == 'function') { webviewDidAppearHelper(); } } window.addEventListener("load", function() { var links = document.getElementsByTagName('a'); for(var i=0; i < links.length; i++) { links[i].setAttribute('target','_blank'); } }, false);  </script>  </head> <body style="margin:0;padding:0;"> <script type="text/javascript" language="javascript" src="https://adplatform.vrtcal.com/dexch.vap?aid=1671&clickurl=https%3A%2F%2Fads.mopub.com%2Fm%2Faclk%3Fappid%3D%26cid%3D89b6150b29e941c8804204172b449a54%26city%3DSt%2520Louis%26ckv%3D2%26country_code%3DUS%26cppck%3D3FA2A%26current_consent_status%3Dunknown%26dev%3DiPhone11%252C6%26exclude_adgroups%3D30389cbcd23b4cbdab82fe19fab96f94%252C4ac8030b8d61493295e420a1fe5261d6%26gdpr_applies%3D0%26id%3Dc65be865f1b341758116d9b48c88fa61%26is_mraid%3D0%26os%3DiOS%26osv%3D12.1.4%26priority%3D11%26req%3D500248038c134fe6972ec39630178081%26reqt%3D1554405768.0%26rev%3D0%26udid%3Difa%253ABD40D08B-EEA0-40DD-9864-BC8F0FD3F986%26video_type%3D%26r%3D&cb=1554405768297&auid=c65be865f1b341758116d9b48c88fa61&plid=51acf9405a15454c8f70cfd7bbe90ba9&agid=4ac8030b8d61493295e420a1fe5261d6&crid=89b6150b29e941c8804204172b449a54&dsturl=&adid=BD40D08B-EEA0-40DD-9864-BC8F0FD3F986&keywords=gmext,,&lat=0&long=0&dnt=0&bundle=333647776"></script> <script type="text/javascript"> if (typeof htmlWillCallFinishLoad == "undefined" || !htmlWillCallFinishLoad) { if(typeof mopubFinishLoad == 'function') { window.onload = mopubFinishLoad; } }  </script>  </body> </html>
2019-04-04 14:22:49.866287-0500 BannerExample[15739:2839424] MOPUB: Sucessfully sent before load URL
2019-04-04 14:22:51.715064-0500 BannerExample[15739:2839424] MOPUB: MPAdWebView - loading MoPub URL: mopub://failLoad
2019-04-04 14:22:51.715276-0500 BannerExample[15739:2839424] MOPUB: MoPub HTML banner did fail
2019-04-04 14:22:51.716506-0500 BannerExample[15739:2839424] MOPUB: Loading ad with MoPub server URL: https://ads.mopub.com/m/ad
{"cppck":"9CB06","av":"1.0","mnc":"480","dn":"iPhone11,6","q":"gmext,,","force_gdpr_applies":"0","vv":"0","ats":"1","llf":"3","rtc":"1","gdpr_applies":"0","request_id":"500248038c134fe6972ec39630178081","h":"2688","mcc":"311","iso":"us","ct":"2","nv":"5.4.1","udid":"ifa:XXXX","id":"c65be865f1b341758116d9b48c88fa61","ll":"0,0","v":"8","mr":"1","w":"1242","ac":"3","bundle":"com.cbsinteractive.dev.tvguide","cn":"Verizon","z":"-0500","sc":"3.0","user_data_q":"","current_consent_status":"unknown","exclude":"30389cbcd23b4cbdab82fe19fab96f94,4ac8030b8d61493295e420a1fe5261d6","o":"p"}
2019-04-04 14:22:51.825868-0500 BannerExample[15739:2839424] MOPUB: There are 1 ad responses
2019-04-04 14:22:51.826310-0500 BannerExample[15739:2839424] MOPUB: Banner ad view is fetching ad network type: clear
2019-04-04 14:22:51.826438-0500 BannerExample[15739:2839424] MOPUB: No ads found for ad unit: c65be865f1b341758116d9b48c88fa61
2019-04-04 14:22:51.826998-0500 BannerExample[15739:2839424] MOPUB: Scheduled the autorefresh timer to fire in 30.0 seconds (0x282a5ae40).
2019-04-04 14:22:51.827462-0500 BannerExample[15739:2839424] MOPUB: Banner view (c65be865f1b341758116d9b48c88fa61) failed. Error: Error Domain=com.mopub.iossdk Code=0 "(null)"
2019-04-04 14:22:51.833891-0500 BannerExample[15739:2839424] MOPUB: Loading ad with MoPub server URL: https://ads.mopub.com/m/ad
{"mnc":"480","av":"1.0","q":"gmext,,","dn":"iPhone11,6","force_gdpr_applies":"0","vv":"0","ats":"1","llf":"4","gdpr_applies":"0","h":"2688","udid":"ifa:XXXX","iso":"us","nv":"5.4.1","w":"1242","ct":"2","id":"d0bb72cc112944cfb897a44df116e353","mcc":"311","ll":"0,0","mr":"1","v":"8","cn":"Verizon","bundle":"com.cbsinteractive.dev.tvguide","z":"-0500","sc":"3.0","user_data_q":"","current_consent_status":"unknown","o":"p"}
2019-04-04 14:22:51.834431-0500 BannerExample[15739:2839424] MOPUB: Requesting Banner Ad from MoPub Ad Network.
2019-04-04 14:22:52.628654-0500 BannerExample[15739:2839424] MOPUB: There are 1 ad responses
2019-04-04 14:22:52.629309-0500 BannerExample[15739:2839424] MOPUB: Banner ad view is fetching ad network type: html
2019-04-04 14:22:52.630433-0500 BannerExample[15739:2839424] MOPUB: Looking for custom event class named MPHTMLBannerCustomEvent.
2019-04-04 14:22:52.630616-0500 BannerExample[15739:2839424] MOPUB: Loading MoPub HTML banner
2019-04-04 14:22:52.630873-0500 BannerExample[15739:2839424] MOPUB: Loading banner with HTML source:  <!DOCTYPE html> <html> <head>  <!-- Adgroup is f5a28a16cb09466f905d7994769e920b -->  <meta name="viewport" content="width=device-width, initial-scale=1.0, user-scalable=no">  <style type='text/css'> .mp_center { position: fixed; top: 50%; left: 50%; margin-left: -150px !important; margin-top: -125px !important; } </style>  <script type="text/javascript"> function mopubFinishLoad(){ setTimeout(function() { window.location = 'mopub://finishLoad'; }, 0); } </script>  <script type="text/javascript"> function webviewDidClose(){ if (typeof webviewDidCloseHelper == 'function') { webviewDidCloseHelper(); } } function webviewDidAppear(){  if(typeof trackImpressionHelper == 'function') { trackImpressionHelper(); }  if(typeof webviewDidAppearHelper == 'function') { webviewDidAppearHelper(); } } window.addEventListener("load", function() { var links = document.getElementsByTagName('a'); for(var i=0; i < links.length; i++) { links[i].setAttribute('target','_blank'); } }, false);  </script>  </head> <body style="margin:0;padding:0;"> <script>

    var mobFoxParams = {

        "r_type": "banner",

        "s": "cfc0e1c0f270d0f3f37b1dc4a99cf61e",

        "adspace_width": 300,

        "adspace_height": 250,

        "o_iosadvid": "BD40D08B-EEA0-40DD-9864-BC8F0FD3F986",

        "sub_bundle_id": "333647776",

        "longitude": "0",

        "latitude": "0",

        "age": "",

        "gender": "",

        "c_mraid": 2

    };

</script>

<script src="//sdk.starbolt.io/dist/superagent.min.js"></script>

<script src="//sdk.starbolt.io/dist/mopub-combined-super.js"></script> <script type="text/javascript"> if (typeof htmlWillCallFinishLoad == "undefined" || !htmlWillCallFinishLoad) { if(typeof mopubFinishLoad == 'function') { window.onload = mopubFinishLoad; } }  </script>  </body> </html>
2019-04-04 14:22:52.696215-0500 BannerExample[15739:2839424] MOPUB: Sucessfully sent before load URL
2019-04-04 14:22:53.310620-0500 BannerExample[15739:2839424] MOPUB: MPAdWebView - loading MoPub URL: mopub://failLoad
2019-04-04 14:22:53.310853-0500 BannerExample[15739:2839424] MOPUB: MoPub HTML banner did fail
2019-04-04 14:22:53.312273-0500 BannerExample[15739:2839424] MOPUB: Loading ad with MoPub server URL: https://ads.mopub.com/m/ad
{"cppck":"425B4","av":"1.0","mnc":"480","dn":"iPhone11,6","q":"gmext,,","force_gdpr_applies":"0","vv":"0","ats":"1","llf":"4","rtc":"1","gdpr_applies":"0","request_id":"a2fce9d90b7743b88ec29aabc5230051","h":"2688","mcc":"311","iso":"us","ct":"2","nv":"5.4.1","udid":"ifa:XXXX","id":"d0bb72cc112944cfb897a44df116e353","ll":"0,0","v":"8","mr":"1","w":"1242","ac":"3","bundle":"com.cbsinteractive.dev.tvguide","cn":"Verizon","z":"-0500","sc":"3.0","user_data_q":"","current_consent_status":"unknown","exclude":"f5a28a16cb09466f905d7994769e920b","o":"p"}
2019-04-04 14:22:53.450072-0500 BannerExample[15739:2839424] MOPUB: There are 1 ad responses
2019-04-04 14:22:53.450384-0500 BannerExample[15739:2839424] MOPUB: Banner ad view is fetching ad network type: clear
2019-04-04 14:22:53.450475-0500 BannerExample[15739:2839424] MOPUB: No ads found for ad unit: d0bb72cc112944cfb897a44df116e353
2019-04-04 14:22:53.450757-0500 BannerExample[15739:2839424] MOPUB: Scheduled the autorefresh timer to fire in 999999.0 seconds (0x282ac6c40).
2019-04-04 14:22:53.450891-0500 BannerExample[15739:2839424] MOPUB: Banner view (d0bb72cc112944cfb897a44df116e353) failed. Error: Error Domain=com.mopub.iossdk Code=0 "(null)"
GADBanner - adView:didFailToReceiveAdWithError:<DFPBannerView: 0x101b257a0; frame = (47 423; 320 50); clipsToBounds = YES; layer = <CALayer: 0x283fa03c0>> - Request Error: No ad to show from all configured ad networks.
2019-04-04 14:23:19.823010-0500 BannerExample[15739:2839424] Could not signal service com.apple.WebKit.WebContent: 113: Could not find specified service
2019-04-04 14:23:19.825883-0500 BannerExample[15739:2839424] Could not signal service com.apple.WebKit.Networking: 113: Could not find specified service
2019-04-04 14:23:21.723082-0500 BannerExample[15739:2839424] Could not signal service com.apple.WebKit.WebContent: 113: Could not find specified service
2019-04-04 14:23:21.727205-0500 BannerExample[15739:2839424] Could not signal service com.apple.WebKit.Networking: 113: Could not find specified service
2019-04-04 14:23:23.318241-0500 BannerExample[15739:2839424] Could not signal service com.apple.WebKit.WebContent: 113: Could not find specified service
2019-04-04 14:23:23.322728-0500 BannerExample[15739:2839424] Could not signal service com.apple.WebKit.Networking: 113: Could not find specified service
2019-04-04 14:23:23.581270-0500 BannerExample[15739:2839424] [avas] AVAudioSessionPortImpl.mm:56:ValidateRequiredFields: Unknown selected data source for Port Bose Headphones (type: BluetoothA2DPOutput)
2019-04-04 14:23:24.315161-0500 BannerExample[15739:2839424] MOPUB: Loading ad with MoPub server URL: https://ads.mopub.com/m/ad
{"mnc":"480","av":"1.0","q":"gmext,,","dn":"iPhone11,6","force_gdpr_applies":"0","vv":"0","ats":"1","llf":"3","gdpr_applies":"0","h":"2688","udid":"ifa:XXXX","iso":"us","nv":"5.4.1","w":"1242","ct":"2","id":"c65be865f1b341758116d9b48c88fa61","mcc":"311","ll":"0,0","mr":"1","v":"8","cn":"Verizon","bundle":"com.cbsinteractive.dev.tvguide","z":"-0500","sc":"3.0","user_data_q":"","current_consent_status":"unknown","o":"p"}
2019-04-04 14:23:24.315509-0500 BannerExample[15739:2839424] MOPUB: Requesting Banner Ad from MoPub Ad Network.
2019-04-04 14:23:25.087207-0500 BannerExample[15739:2839424] MOPUB: There are 2 ad responses
2019-04-04 14:23:25.087726-0500 BannerExample[15739:2839424] MOPUB: Banner ad view is fetching ad network type: html
2019-04-04 14:23:25.088304-0500 BannerExample[15739:2839424] MOPUB: Looking for custom event class named MPHTMLBannerCustomEvent.
2019-04-04 14:23:25.088378-0500 BannerExample[15739:2839424] MOPUB: Loading MoPub HTML banner
2019-04-04 14:23:25.088467-0500 BannerExample[15739:2839424] MOPUB: Loading banner with HTML source:  <!DOCTYPE html> <html> <head>  <!-- Adgroup is 30389cbcd23b4cbdab82fe19fab96f94 -->  <meta name="viewport" content="width=device-width, initial-scale=1.0, user-scalable=no">  <style type='text/css'> .mp_center { position: fixed; top: 50%; left: 50%; margin-left: -150px !important; margin-top: -125px !important; } </style>  <script type="text/javascript"> function mopubFinishLoad(){ setTimeout(function() { window.location = 'mopub://finishLoad'; }, 0); } </script>  <script type="text/javascript"> function webviewDidClose(){ if (typeof webviewDidCloseHelper == 'function') { webviewDidCloseHelper(); } } function webviewDidAppear(){  if(typeof trackImpressionHelper == 'function') { trackImpressionHelper(); }  if(typeof webviewDidAppearHelper == 'function') { webviewDidAppearHelper(); } } window.addEventListener("load", function() { var links = document.getElementsByTagName('a'); for(var i=0; i < links.length; i++) { links[i].setAttribute('target','_blank'); } }, false);  </script>  </head> <body style="margin:0;padding:0;"> <script>

    var mobFoxParams = {

        "r_type": "banner",

        "s": "3df142eb9d001a6bf5b14743880fb6a2",

        "adspace_width": 300,

        "adspace_height": 250,

        "o_iosadvid": "BD40D08B-EEA0-40DD-9864-BC8F0FD3F986",

        "sub_bundle_id": "333647776",

        "longitude": "0",

        "latitude": "0",

        "age": "",

        "gender": "",

        "c_mraid": 2

    };

</script>

<script src="//sdk.starbolt.io/dist/superagent.min.js"></script>

<script src="//sdk.starbolt.io/dist/mopub-combined-super.js"></script> <script type="text/javascript"> if (typeof htmlWillCallFinishLoad == "undefined" || !htmlWillCallFinishLoad) { if(typeof mopubFinishLoad == 'function') { window.onload = mopubFinishLoad; } }  </script>  </body> </html>
2019-04-04 14:23:25.149899-0500 BannerExample[15739:2839424] MOPUB: Sucessfully sent before load URL
2019-04-04 14:23:25.627533-0500 BannerExample[15739:2839424] MOPUB: MPAdWebView - loading MoPub URL: mopub://failLoad
2019-04-04 14:23:25.627761-0500 BannerExample[15739:2839424] MOPUB: MoPub HTML banner did fail
2019-04-04 14:23:25.627912-0500 BannerExample[15739:2839424] MOPUB: Banner ad view is fetching ad network type: html
2019-04-04 14:23:25.628990-0500 BannerExample[15739:2839424] MOPUB: Looking for custom event class named MPHTMLBannerCustomEvent.
2019-04-04 14:23:25.629146-0500 BannerExample[15739:2839424] MOPUB: Loading MoPub HTML banner
2019-04-04 14:23:25.629364-0500 BannerExample[15739:2839424] MOPUB: Loading banner with HTML source:  <!DOCTYPE html> <html> <head>  <!-- Adgroup is 4ac8030b8d61493295e420a1fe5261d6 -->  <meta name="viewport" content="width=device-width, initial-scale=1.0, user-scalable=no">  <style type='text/css'> .mp_center { position: fixed; top: 50%; left: 50%; margin-left: -150px !important; margin-top: -125px !important; } </style>  <script type="text/javascript"> function mopubFinishLoad(){ setTimeout(function() { window.location = 'mopub://finishLoad'; }, 0); } </script>  <script type="text/javascript"> function webviewDidClose(){ if (typeof webviewDidCloseHelper == 'function') { webviewDidCloseHelper(); } } function webviewDidAppear(){  if(typeof trackImpressionHelper == 'function') { trackImpressionHelper(); }  if(typeof webviewDidAppearHelper == 'function') { webviewDidAppearHelper(); } } window.addEventListener("load", function() { var links = document.getElementsByTagName('a'); for(var i=0; i < links.length; i++) { links[i].setAttribute('target','_blank'); } }, false);  </script>  </head> <body style="margin:0;padding:0;"> <script type="text/javascript" language="javascript" src="https://adplatform.vrtcal.com/dexch.vap?aid=1671&clickurl=https%3A%2F%2Fads.mopub.com%2Fm%2Faclk%3Fappid%3D%26cid%3D89b6150b29e941c8804204172b449a54%26city%3DSt%2520Louis%26ckv%3D2%26country_code%3DUS%26cppck%3D5CE64%26current_consent_status%3Dunknown%26dev%3DiPhone11%252C6%26exclude_adgroups%3D30389cbcd23b4cbdab82fe19fab96f94%252C4ac8030b8d61493295e420a1fe5261d6%26gdpr_applies%3D0%26id%3Dc65be865f1b341758116d9b48c88fa61%26is_mraid%3D0%26os%3DiOS%26osv%3D12.1.4%26priority%3D11%26req%3Dda00c6d1b0a0488283a868e40607ac7f%26reqt%3D1554405804.0%26rev%3D0%26udid%3Difa%253ABD40D08B-EEA0-40DD-9864-BC8F0FD3F986%26video_type%3D%26r%3D&cb=1554405804348&auid=c65be865f1b341758116d9b48c88fa61&plid=51acf9405a15454c8f70cfd7bbe90ba9&agid=4ac8030b8d61493295e420a1fe5261d6&crid=89b6150b29e941c8804204172b449a54&dsturl=&adid=BD40D08B-EEA0-40DD-9864-BC8F0FD3F986&keywords=gmext,,&lat=0&long=0&dnt=0&bundle=333647776"></script> <script type="text/javascript"> if (typeof htmlWillCallFinishLoad == "undefined" || !htmlWillCallFinishLoad) { if(typeof mopubFinishLoad == 'function') { window.onload = mopubFinishLoad; } }  </script>  </body> </html>
2019-04-04 14:23:25.709921-0500 BannerExample[15739:2839424] MOPUB: Sucessfully sent before load URL
2019-04-04 14:23:27.560376-0500 BannerExample[15739:2839424] MOPUB: MPAdWebView - loading MoPub URL: mopub://failLoad
2019-04-04 14:23:27.560601-0500 BannerExample[15739:2839424] MOPUB: MoPub HTML banner did fail
2019-04-04 14:23:27.561857-0500 BannerExample[15739:2839424] MOPUB: Loading ad with MoPub server URL: https://ads.mopub.com/m/ad
{"cppck":"09533","av":"1.0","mnc":"480","dn":"iPhone11,6","q":"gmext,,","force_gdpr_applies":"0","vv":"0","ats":"1","llf":"3","rtc":"1","gdpr_applies":"0","request_id":"da00c6d1b0a0488283a868e40607ac7f","h":"2688","mcc":"311","iso":"us","ct":"2","nv":"5.4.1","udid":"ifa:XXXX","id":"c65be865f1b341758116d9b48c88fa61","ll":"0,0","v":"8","mr":"1","w":"1242","ac":"3","bundle":"com.cbsinteractive.dev.tvguide","cn":"Verizon","z":"-0500","sc":"3.0","user_data_q":"","current_consent_status":"unknown","exclude":"30389cbcd23b4cbdab82fe19fab96f94,4ac8030b8d61493295e420a1fe5261d6","o":"p"}
2019-04-04 14:23:27.698491-0500 BannerExample[15739:2839424] MOPUB: There are 1 ad responses
2019-04-04 14:23:27.698801-0500 BannerExample[15739:2839424] MOPUB: Banner ad view is fetching ad network type: clear
2019-04-04 14:23:27.698875-0500 BannerExample[15739:2839424] MOPUB: No ads found for ad unit: c65be865f1b341758116d9b48c88fa61
2019-04-04 14:23:27.699141-0500 BannerExample[15739:2839424] MOPUB: Scheduled the autorefresh timer to fire in 30.0 seconds (0x282a7b340).
2019-04-04 14:23:27.699235-0500 BannerExample[15739:2839424] MOPUB: Banner view (c65be865f1b341758116d9b48c88fa61) failed. Error: Error Domain=com.mopub.iossdk Code=0 "(null)"
2019-04-04 14:23:27.703297-0500 BannerExample[15739:2839424] MOPUB: Loading ad with MoPub server URL: https://ads.mopub.com/m/ad
{"mnc":"480","av":"1.0","q":"gmext,,","dn":"iPhone11,6","force_gdpr_applies":"0","vv":"0","ats":"1","llf":"3","gdpr_applies":"0","h":"2688","udid":"ifa:XXXX","iso":"us","nv":"5.4.1","w":"1242","ct":"2","id":"d0bb72cc112944cfb897a44df116e353","mcc":"311","ll":"0,0","mr":"1","v":"8","cn":"Verizon","bundle":"com.cbsinteractive.dev.tvguide","z":"-0500","sc":"3.0","user_data_q":"","current_consent_status":"unknown","o":"p"}
2019-04-04 14:23:27.703644-0500 BannerExample[15739:2839424] MOPUB: Requesting Banner Ad from MoPub Ad Network.
2019-04-04 14:23:28.469341-0500 BannerExample[15739:2839424] MOPUB: There are 1 ad responses
2019-04-04 14:23:28.470049-0500 BannerExample[15739:2839424] MOPUB: Banner ad view is fetching ad network type: html
2019-04-04 14:23:28.471277-0500 BannerExample[15739:2839424] MOPUB: Looking for custom event class named MPHTMLBannerCustomEvent.
2019-04-04 14:23:28.471487-0500 BannerExample[15739:2839424] MOPUB: Loading MoPub HTML banner
2019-04-04 14:23:28.471765-0500 BannerExample[15739:2839424] MOPUB: Loading banner with HTML source:  <!DOCTYPE html> <html> <head>  <!-- Adgroup is f5a28a16cb09466f905d7994769e920b -->  <meta name="viewport" content="width=device-width, initial-scale=1.0, user-scalable=no">  <style type='text/css'> .mp_center { position: fixed; top: 50%; left: 50%; margin-left: -150px !important; margin-top: -125px !important; } </style>  <script type="text/javascript"> function mopubFinishLoad(){ setTimeout(function() { window.location = 'mopub://finishLoad'; }, 0); } </script>  <script type="text/javascript"> function webviewDidClose(){ if (typeof webviewDidCloseHelper == 'function') { webviewDidCloseHelper(); } } function webviewDidAppear(){  if(typeof trackImpressionHelper == 'function') { trackImpressionHelper(); }  if(typeof webviewDidAppearHelper == 'function') { webviewDidAppearHelper(); } } window.addEventListener("load", function() { var links = document.getElementsByTagName('a'); for(var i=0; i < links.length; i++) { links[i].setAttribute('target','_blank'); } }, false);  </script>  </head> <body style="margin:0;padding:0;"> <script>

    var mobFoxParams = {

        "r_type": "banner",

        "s": "cfc0e1c0f270d0f3f37b1dc4a99cf61e",

        "adspace_width": 300,

        "adspace_height": 250,

        "o_iosadvid": "BD40D08B-EEA0-40DD-9864-BC8F0FD3F986",

        "sub_bundle_id": "333647776",

        "longitude": "0",

        "latitude": "0",

        "age": "",

        "gender": "",

        "c_mraid": 2

    };

</script>

<script src="//sdk.starbolt.io/dist/superagent.min.js"></script>

<script src="//sdk.starbolt.io/dist/mopub-combined-super.js"></script> <script type="text/javascript"> if (typeof htmlWillCallFinishLoad == "undefined" || !htmlWillCallFinishLoad) { if(typeof mopubFinishLoad == 'function') { window.onload = mopubFinishLoad; } }  </script>  </body> </html>
2019-04-04 14:23:28.543819-0500 BannerExample[15739:2839424] MOPUB: Sucessfully sent before load URL
2019-04-04 14:23:29.114396-0500 BannerExample[15739:2839424] MOPUB: MPAdWebView - loading MoPub URL: mopub://failLoad
2019-04-04 14:23:29.114571-0500 BannerExample[15739:2839424] MOPUB: MoPub HTML banner did fail
2019-04-04 14:23:29.115956-0500 BannerExample[15739:2839424] MOPUB: Loading ad with MoPub server URL: https://ads.mopub.com/m/ad
{"cppck":"03BD1","av":"1.0","mnc":"480","dn":"iPhone11,6","q":"gmext,,","force_gdpr_applies":"0","vv":"0","ats":"1","llf":"3","rtc":"1","gdpr_applies":"0","request_id":"ff69d9c6f8104558a1555853847deed6","h":"2688","mcc":"311","iso":"us","ct":"2","nv":"5.4.1","udid":"ifa:XXXX","id":"d0bb72cc112944cfb897a44df116e353","ll":"0,0","v":"8","mr":"1","w":"1242","ac":"3","bundle":"com.cbsinteractive.dev.tvguide","cn":"Verizon","z":"-0500","sc":"3.0","user_data_q":"","current_consent_status":"unknown","exclude":"f5a28a16cb09466f905d7994769e920b","o":"p"}
2019-04-04 14:23:29.259310-0500 BannerExample[15739:2839424] MOPUB: There are 1 ad responses
2019-04-04 14:23:29.259412-0500 BannerExample[15739:2839424] MOPUB: Banner ad view is fetching ad network type: clear
2019-04-04 14:23:29.259445-0500 BannerExample[15739:2839424] MOPUB: No ads found for ad unit: d0bb72cc112944cfb897a44df116e353
2019-04-04 14:23:29.259515-0500 BannerExample[15739:2839424] MOPUB: Scheduled the autorefresh timer to fire in 999999.0 seconds (0x282590b40).
2019-04-04 14:23:29.259550-0500 BannerExample[15739:2839424] MOPUB: Banner view (d0bb72cc112944cfb897a44df116e353) failed. Error: Error Domain=com.mopub.iossdk Code=0 "(null)"
GADBanner - adView:didFailToReceiveAdWithError:<DFPBannerView: 0x101b257a0; frame = (47 423; 320 50); clipsToBounds = YES; layer = <CALayer: 0x283fa03c0>> - Request Error: No ad to show from all configured ad networks.
